# JRE version: OpenJDK Runtime Environment (17.0.1+12) (build 17.0.1+12-39)
# Java VM: OpenJDK 64-Bit Server VM (17.0.1+12-39, mixed mode, sharing, tiered, compressed oops, compressed class ptrs, g1 gc, windows-amd64)
GC Precious Log:
 CPUs: 8 total, 8 available
 Memory: 7990M
 Large Page Support: Disabled
 NUMA Support: Disabled
 Compressed Oops: Enabled (32-bit)
 Heap Region Size: 1M
 Heap Min Capacity: 8M
 Heap Initial Capacity: 126M
 Heap Max Capacity: 1998M
 Pre-touch: Disabled
 Parallel Workers: 8
 Concurrent Workers: 2
 Concurrent Refinement Workers: 8
 Periodic GC: Disabled
Heap:
 garbage-first heap   total 49152K, used 16078K [0x0000000083200000, 0x0000000100000000)
  region size 1024K, 8 young (8192K), 7 survivors (7168K)
 Metaspace       used 29307K, committed 29632K, reserved 1081344K
  class space    used 3999K, committed 4160K, reserved 1048576K
GC Heap History (8 events):
Event: 0.672 GC heap before
{Heap before GC invocations=0 (full 0):
 garbage-first heap   total 129024K, used 22528K [0x0000000083200000, 0x0000000100000000)
  region size 1024K, 23 young (23552K), 0 survivors (0K)
 Metaspace       used 4962K, committed 5120K, reserved 1056768K
  class space    used 580K, committed 640K, reserved 1048576K
}
Event: 0.675 GC heap after
{Heap after GC invocations=1 (full 0):
 garbage-first heap   total 129024K, used 3311K [0x0000000083200000, 0x0000000100000000)
  region size 1024K, 3 young (3072K), 3 survivors (3072K)
 Metaspace       used 4962K, committed 5120K, reserved 1056768K
  class space    used 580K, committed 640K, reserved 1048576K
}
Event: 1.340 GC heap before
{Heap before GC invocations=1 (full 0):
 garbage-first heap   total 129024K, used 36079K [0x0000000083200000, 0x0000000100000000)
  region size 1024K, 35 young (35840K), 3 survivors (3072K)
 Metaspace       used 13172K, committed 13440K, reserved 1064960K
  class space    used 1957K, committed 2112K, reserved 1048576K
}
Event: 1.347 GC heap after
{Heap after GC invocations=2 (full 0):
 garbage-first heap   total 129024K, used 7132K [0x0000000083200000, 0x0000000100000000)
  region size 1024K, 5 young (5120K), 5 survivors (5120K)
 Metaspace       used 13172K, committed 13440K, reserved 1064960K
  class space    used 1957K, committed 2112K, reserved 1048576K
}
Event: 13.584 GC heap before
{Heap before GC invocations=2 (full 0):
 garbage-first heap   total 129024K, used 39900K [0x0000000083200000, 0x0000000100000000)
  region size 1024K, 36 young (36864K), 5 survivors (5120K)
 Metaspace       used 21205K, committed 21504K, reserved 1073152K
  class space    used 2822K, committed 3008K, reserved 1048576K
}
Event: 13.589 GC heap after
{Heap after GC invocations=3 (full 0):
 garbage-first heap   total 129024K, used 12406K [0x0000000083200000, 0x0000000100000000)
  region size 1024K, 8 young (8192K), 8 survivors (8192K)
 Metaspace       used 21205K, committed 21504K, reserved 1073152K
  class space    used 2822K, committed 3008K, reserved 1048576K
}
Event: 118.655 GC heap before
{Heap before GC invocations=4 (full 0):
 garbage-first heap   total 48128K, used 35958K [0x0000000083200000, 0x0000000100000000)
  region size 1024K, 32 young (32768K), 8 survivors (8192K)
 Metaspace       used 29300K, committed 29632K, reserved 1081344K
  class space    used 3998K, committed 4160K, reserved 1048576K
}
Event: 118.664 GC heap after
{Heap after GC invocations=5 (full 0):
 garbage-first heap   total 49152K, used 16078K [0x0000000083200000, 0x0000000100000000)
  region size 1024K, 7 young (7168K), 7 survivors (7168K)
 Metaspace       used 29300K, committed 29632K, reserved 1081344K
  class space    used 3998K, committed 4160K, reserved 1048576K
}

